2010-07-29 21:07:30 - Login attempt by 'admin@example.com' was successful.
2010-07-29 21:10:04 - Login attempt by 'brandon@zenvei.com' was successful.
2010-07-29 21:18:38 - Login attempt by 'brandon@zenvei.com' was successful.
2010-07-31 17:26:45 - Login attempt by 'jalalion@hotmail.com' was not successful because of 'unknown user'.
2010-07-31 17:27:39 - Login attempt by 'brandon@zenvei.com' was successful.
2010-07-31 17:30:05 - Login attempt by 'jalalion@gmail.com' was successful.
2010-08-02 04:26:34 - Login attempt by 'brandon@zenvei.com' was successful.
2010-08-02 05:24:01 - Login attempt by 'i.online@live.com' was successful.
2010-08-07 20:31:13 - Login attempt by 'barclaybrandon@hotmail.com' was not successful because of 'unknown user'.
2010-08-07 20:31:19 - Login attempt by 'barclaybrandon@hotmail.com' was not successful because of 'unknown user'.
2010-08-07 20:31:28 - Login attempt by 'brandon@zenvei.com' was successful.
2010-08-08 10:16:40 - Login attempt by 'brandon@zenvei.com' was successful.
2010-08-09 03:09:12 - Login attempt by 'brandon@zenvei.com' was successful.
2010-08-09 05:28:01 - Login attempt by 'jalalion@hotmail.com' was not successful because of 'unknown user'.
2010-08-09 05:56:52 - Login attempt by 'jalalion@gmail.com' was not successful because of 'wrong password'.
2010-08-09 13:45:34 - Login attempt by 'brandon@zenvei.com' was successful.
2010-08-09 14:58:13 - Login attempt by 'jalalion@hotmail.com' was not successful because of 'unknown user'.
2010-08-09 14:58:51 - Login attempt by 'jalalion@gmail.com' was successful.
2010-08-09 16:34:19 - Login attempt by 'i.online@live.com' was successful.
2010-08-09 20:39:11 - Login attempt by 'laura@zenvei.com' was not successful because of 'unknown user'.
2010-08-09 20:39:25 - Login attempt by 'laura@zenvei.com' was not successful because of 'unknown user'.
2010-08-09 22:20:23 - Login attempt by 'laura@zenvei.com' was successful.
2010-08-10 12:14:53 - Login attempt by 'brandon@zenvei.com' was successful.
2010-08-10 12:15:03 - Login attempt by 'laura@zenvei.com' was successful.
2010-08-10 12:24:52 - Login attempt by 'brandon@zenvei.com' was successful.
2010-08-10 14:28:45 - Login attempt by 'laura@zenvei.com' was successful.
2010-08-10 16:46:35 - Login attempt by 'paul@zenvei.com' was successful.
2010-08-11 04:50:48 - Login attempt by 'brandon@zenvei.com' was successful.
2010-08-11 06:02:09 - Login attempt by 'i.online@live.com' was successful.
2010-08-11 06:04:43 - Login attempt by 'jalalion@hotmail.com' was not successful because of 'unknown user'.
2010-08-11 06:05:17 - Login attempt by 'jalalion@gmail.com' was successful.
2010-08-11 06:13:07 - Login attempt by 'i.online@live.com' was successful.
2010-08-11 13:15:16 - Login attempt by 'brandon@zenvei.com' was successful.
2010-08-13 18:25:33 - Login attempt by 'jalalion@hotmail.com' was not successful because of 'unknown user'.
2010-08-13 18:25:46 - Login attempt by 'jalalion@gmail.com' was successful.
2010-08-13 20:48:52 - Login attempt by 'brandon@zenvei.com' was successful.
2010-08-13 20:49:10 - Login attempt by 'brandon@zenvei.com' was successful.
2010-08-14 14:28:48 - Login attempt by 'brandon@zenvei.com' was successful.
2010-08-14 14:33:49 - Login attempt by 'i.online@live.com' was successful.
2010-08-14 17:06:50 - Login attempt by 'barclaybrandon@hotmail.com' was not successful because of 'unknown user'.
2010-08-14 17:06:56 - Login attempt by 'brandon@zenvei.com' was successful.
2010-08-15 08:52:13 - Login attempt by 'i.online@live.com' was successful.
2010-08-15 13:48:24 - Login attempt by 'i.online@live.com' was successful.
2010-08-16 05:51:27 - Login attempt by 'brandon@zenvei.com' was successful.
2010-08-16 14:58:37 - Login attempt by 'jalalion@gmail.com' was successful.
2010-08-16 15:02:55 - Login attempt by 'brandon@zenvei.com' was successful.
2010-08-16 23:13:47 - Login attempt by 'brandon@zenvei.com' was successful.
2010-08-17 15:18:04 - Login attempt by 'brandon@zenvei.com' was successful.
2010-08-18 00:25:20 - Login attempt by 'laura@zenvei.com' was not successful because of 'wrong password'.
2010-08-18 00:26:04 - Login attempt by 'laura@zenvei.com' was not successful because of 'wrong password'.
2010-08-18 00:26:55 - Login attempt by 'laura@zenvei.com' was not successful because of 'wrong password'.
2010-08-19 03:18:09 - Login attempt by 'brandon@zenvei.com' was successful.
2010-08-20 13:54:24 - Login attempt by 'laura@zenvei.com' was not successful because of 'wrong password'.
2010-08-20 13:54:32 - Login attempt by 'laura@zenvei.com' was not successful because of 'wrong password'.
2010-08-20 13:54:44 - Login attempt by 'laura@zenvei.com' was not successful because of 'wrong password'.
2010-08-20 14:01:42 - Login attempt by 'laura@zenvei.com' was not successful because of 'wrong password'.
2010-08-20 14:01:47 - Login attempt by 'laura@zenvei.com' was not successful because of 'wrong password'.
2010-08-20 14:01:51 - Login attempt by 'laura@zenvei.com' was not successful because of 'wrong password'.
2010-08-20 14:01:57 - Login attempt by 'laura@zenvei.com' was not successful because of 'wrong password'.
2010-08-23 11:59:09 - Login attempt by 'laura@zenvei.com' was successful.
